  [1m[35m (0.1ms)[0m  [1m[35mDROP DATABASE IF EXISTS "dummy_development"[0m
  ↳ /home/suus/.rvm/gems/ruby-2.5.3/bin/rake:23
  [1m[35m (0.1ms)[0m  [1m[35mDROP DATABASE IF EXISTS "dummy_test"[0m
  ↳ /home/suus/.rvm/gems/ruby-2.5.3/bin/rake:23
  [1m[35m (290.5ms)[0m  [1m[35mCREATE DATABASE "dummy_development" ENCODING = 'unicode'[0m
  ↳ /home/suus/.rvm/gems/ruby-2.5.3/bin/rake:23
  [1m[35m (244.0ms)[0m  [1m[35mCREATE DATABASE "dummy_test" ENCODING = 'unicode'[0m
  ↳ /home/suus/.rvm/gems/ruby-2.5.3/bin/rake:23
  [1m[35m (0.1ms)[0m  [1m[34mSELECT current_setting('rls.tenant_id', TRUE);
[0m
  ↳ /home/suus/rls_rails/lib/rls_rails/helpers.rb:133
  [1m[35m (0.1ms)[0m  [1m[34m      SELECT current_setting('rls.tenant_id', TRUE), 
             current_setting('rls.user_id',   TRUE),
             current_setting('rls.disable',   TRUE);
[0m
  ↳ /home/suus/rls_rails/lib/rls_rails/helpers.rb:133
  [1m[35m (0.1ms)[0m  [1m[35mSET SESSION rls.disable = FALSE;[0m
  ↳ /home/suus/rls_rails/lib/rls_rails/helpers.rb:133
  [1m[35m (0.1ms)[0m  [1m[35mSET SESSION rls.disable   = 'false';
SET SESSION rls.user_id   = '';
SET SESSION rls.tenant_id = '';
[0m
  ↳ /home/suus/rls_rails/lib/rls_rails/helpers.rb:133
  [1m[35m (113.7ms)[0m  [1m[35mDROP DATABASE IF EXISTS "dummy_development"[0m
  ↳ /home/suus/.rvm/gems/ruby-2.5.3/bin/rake:23
  [1m[35m (116.9ms)[0m  [1m[35mDROP DATABASE IF EXISTS "dummy_test"[0m
  ↳ /home/suus/.rvm/gems/ruby-2.5.3/bin/rake:23
  [1m[35m (239.8ms)[0m  [1m[35mCREATE DATABASE "dummy_development" ENCODING = 'unicode'[0m
  ↳ /home/suus/.rvm/gems/ruby-2.5.3/bin/rake:23
  [1m[35m (242.1ms)[0m  [1m[35mCREATE DATABASE "dummy_test" ENCODING = 'unicode'[0m
  ↳ /home/suus/.rvm/gems/ruby-2.5.3/bin/rake:23
  [1m[35m (123.0ms)[0m  [1m[35mDROP DATABASE IF EXISTS "dummy_development"[0m
  ↳ /home/suus/.rvm/gems/ruby-2.5.3/bin/rake:23
  [1m[35m (110.4ms)[0m  [1m[35mDROP DATABASE IF EXISTS "dummy_test"[0m
  ↳ /home/suus/.rvm/gems/ruby-2.5.3/bin/rake:23
  [1m[35m (249.4ms)[0m  [1m[35mCREATE DATABASE "dummy_development" ENCODING = 'unicode'[0m
  ↳ /home/suus/.rvm/gems/ruby-2.5.3/bin/rake:23
  [1m[35m (244.1ms)[0m  [1m[35mCREATE DATABASE "dummy_test" ENCODING = 'unicode'[0m
  ↳ /home/suus/.rvm/gems/ruby-2.5.3/bin/rake:23
  [1m[35m (116.9ms)[0m  [1m[35mDROP DATABASE IF EXISTS "dummy_development"[0m
  ↳ /home/suus/.rvm/gems/ruby-2.5.3/bin/rake:23
  [1m[35m (121.3ms)[0m  [1m[35mDROP DATABASE IF EXISTS "dummy_test"[0m
  ↳ /home/suus/.rvm/gems/ruby-2.5.3/bin/rake:23
  [1m[35m (245.9ms)[0m  [1m[35mCREATE DATABASE "dummy_development" ENCODING = 'unicode'[0m
  ↳ /home/suus/.rvm/gems/ruby-2.5.3/bin/rake:23
  [1m[35m (239.8ms)[0m  [1m[35mCREATE DATABASE "dummy_test" ENCODING = 'unicode'[0m
  ↳ /home/suus/.rvm/gems/ruby-2.5.3/bin/rake:23
